c:\users\nsw85\onedrive\문서\source\vc_20\release\xingapi_sample.pch
c:\users\nsw85\onedrive\문서\source\vc_20\release\vc143.pdb
c:\users\nsw85\onedrive\문서\source\vc_20\release\stdafx.obj
c:\users\nsw85\onedrive\문서\source\vc_20\release\dlg_chart.obj
c:\users\nsw85\onedrive\문서\source\vc_20\release\dlg_cfofq02400.obj
c:\users\nsw85\onedrive\문서\source\vc_20\release\dlg_cfoat00300.obj
c:\users\nsw85\onedrive\문서\source\vc_20\release\dlg_cfoat00200.obj
c:\users\nsw85\onedrive\문서\source\vc_20\release\dlg_cfoat00100.obj
c:\users\nsw85\onedrive\문서\source\vc_20\release\dlg_cfoaq10100.obj
c:\users\nsw85\onedrive\문서\source\vc_20\release\dlg_cfoaq00600.obj
c:\users\nsw85\onedrive\문서\source\vc_20\release\dlg_cexaq21200.obj
c:\users\nsw85\onedrive\문서\source\vc_20\release\dlg_cceat00300.obj
c:\users\nsw85\onedrive\문서\source\vc_20\release\dlg_cceat00200.obj
c:\users\nsw85\onedrive\문서\source\vc_20\release\dlg_cceat00100.obj
c:\users\nsw85\onedrive\문서\source\vc_20\release\dlg_bm_.obj
c:\users\nsw85\onedrive\문서\source\vc_20\release\dlg_bmt.obj
c:\users\nsw85\onedrive\문서\source\vc_20\release\dlgtrbar.obj
c:\users\nsw85\onedrive\문서\source\vc_20\release\dlglogin.obj
c:\users\nsw85\onedrive\문서\source\vc_20\release\dlgexcludeitem.obj
c:\users\nsw85\onedrive\문서\source\vc_20\release\ct2830.obj
c:\users\nsw85\onedrive\문서\source\vc_20\release\coh0.obj
c:\users\nsw85\onedrive\문서\source\vc_20\release\childview.obj
c:\users\nsw85\onedrive\문서\source\vc_20\release\childfrm.obj
c:\users\nsw85\onedrive\문서\source\vc_20\release\dlg_oh0.obj
c:\users\nsw85\onedrive\문서\source\vc_20\release\dlg_oc0.obj
c:\users\nsw85\onedrive\문서\source\vc_20\release\dlg_night.obj
c:\users\nsw85\onedrive\문서\source\vc_20\release\dlg_jekyll.obj
c:\users\nsw85\onedrive\문서\source\vc_20\release\dlg_jc0.obj
c:\users\nsw85\onedrive\문서\source\vc_20\release\dlg_h3_elw.obj
c:\users\nsw85\onedrive\문서\source\vc_20\release\dlg_h2_elw.obj
c:\users\nsw85\onedrive\문서\source\vc_20\release\dlg_h2_.obj
c:\users\nsw85\onedrive\문서\source\vc_20\release\dlg_h1_.obj
c:\users\nsw85\onedrive\문서\source\vc_20\release\dlg_fh1.obj
c:\users\nsw85\onedrive\문서\source\vc_20\release\dlg_fh0.obj
c:\users\nsw85\onedrive\문서\source\vc_20\release\dlg_fc0.obj
c:\users\nsw85\onedrive\문서\source\vc_20\release\dlg_eh0.obj
c:\users\nsw85\onedrive\문서\source\vc_20\release\dlg_cspbq00200.obj
c:\users\nsw85\onedrive\문서\source\vc_20\release\dlg_cspat00800.obj
c:\users\nsw85\onedrive\문서\source\vc_20\release\dlg_cspat00700.obj
c:\users\nsw85\onedrive\문서\source\vc_20\release\dlg_cspat00600.obj
c:\users\nsw85\onedrive\문서\source\vc_20\release\dlg_cspaq03700.obj
c:\users\nsw85\onedrive\문서\source\vc_20\release\dlg_cspaq02300.obj
c:\users\nsw85\onedrive\문서\source\vc_20\release\dlg_cspaq02200.obj
c:\users\nsw85\onedrive\문서\source\vc_20\release\trbar.obj
c:\users\nsw85\onedrive\문서\source\vc_20\release\sizecbar.obj
c:\users\nsw85\onedrive\문서\source\vc_20\release\scbarg.obj
c:\users\nsw85\onedrive\문서\source\vc_20\release\mainfrm.obj
c:\users\nsw85\onedrive\문서\source\vc_20\release\dlg_t9944.obj
c:\users\nsw85\onedrive\문서\source\vc_20\release\dlg_t9943.obj
c:\users\nsw85\onedrive\문서\source\vc_20\release\dlg_t9942.obj
c:\users\nsw85\onedrive\문서\source\vc_20\release\dlg_t8415.obj
c:\users\nsw85\onedrive\문서\source\vc_20\release\dlg_t1602.obj
c:\users\nsw85\onedrive\문서\source\vc_20\release\dlg_t1601.obj
c:\users\nsw85\onedrive\문서\source\vc_20\release\dlg_t1452.obj
c:\users\nsw85\onedrive\문서\source\vc_20\release\dlg_t1305.obj
c:\users\nsw85\onedrive\문서\source\vc_20\release\dlg_t1301.obj
c:\users\nsw85\onedrive\문서\source\vc_20\release\dlg_t1101.obj
c:\users\nsw85\onedrive\문서\source\vc_20\release\dlg_sc4.obj
c:\users\nsw85\onedrive\문서\source\vc_20\release\dlg_sc3.obj
c:\users\nsw85\onedrive\문서\source\vc_20\release\dlg_sc2.obj
c:\users\nsw85\onedrive\문서\source\vc_20\release\dlg_sc1.obj
c:\users\nsw85\onedrive\문서\source\vc_20\release\dlg_sc0.obj
c:\users\nsw85\onedrive\문서\source\vc_20\release\dlg_oh1.obj
c:\users\nsw85\onedrive\문서\source\vc_20\release\xingapi_sample.obj
c:\users\nsw85\onedrive\문서\source\vc_20\release\xingapi_sample.exe
c:\users\nsw85\onedrive\문서\source\vc_20\release\xingapi_sample.pdb
c:\users\nsw85\onedrive\문서\source\vc_20\release\xingapi_sample.res
c:\users\nsw85\onedrive\문서\source\vc_20\release\xingapi_sample.tlog\cl.command.1.tlog
c:\users\nsw85\onedrive\문서\source\vc_20\release\xingapi_sample.tlog\cl.items.tlog
c:\users\nsw85\onedrive\문서\source\vc_20\release\xingapi_sample.tlog\cl.read.1.tlog
c:\users\nsw85\onedrive\문서\source\vc_20\release\xingapi_sample.tlog\cl.write.1.tlog
c:\users\nsw85\onedrive\문서\source\vc_20\release\xingapi_sample.tlog\link.command.1.tlog
c:\users\nsw85\onedrive\문서\source\vc_20\release\xingapi_sample.tlog\link.read.1.tlog
c:\users\nsw85\onedrive\문서\source\vc_20\release\xingapi_sample.tlog\link.secondary.1.tlog
c:\users\nsw85\onedrive\문서\source\vc_20\release\xingapi_sample.tlog\link.write.1.tlog
c:\users\nsw85\onedrive\문서\source\vc_20\release\xingapi_sample.tlog\rc.command.1.tlog
c:\users\nsw85\onedrive\문서\source\vc_20\release\xingapi_sample.tlog\rc.read.1.tlog
c:\users\nsw85\onedrive\문서\source\vc_20\release\xingapi_sample.tlog\rc.write.1.tlog
